app/build/intermediates/manifest_merge_blame_file/debug/manifest-merger-blame-debug-report.txt
1<?xml version="1.0" encoding="utf-8"?>
2<manifest xmlns:android="http://schemas.android.com/apk/res/android"
3    package="com.groupeleven.studentlife"
4    android:versionCode="1"
5    android:versionName="1.0" >
6
7    <uses-sdk
8        android:minSdkVersion="23"
8-->src\main\AndroidManifest.xml
9        android:targetSdkVersion="30" />
9-->src\main\AndroidManifest.xml
10
11    <application
11-->src\main\AndroidManifest.xml:5:5-42:19
12        android:allowBackup="true"
12-->src\main\AndroidManifest.xml:6:9-35
13        android:appComponentFactory="androidx.core.app.CoreComponentFactory"
13-->[androidx.core:core:1.3.1] AndroidManifest.xml:24:18-86
14        android:debuggable="true"
15        android:extractNativeLibs="false"
16        android:icon="@mipmap/ic_launcher"
16-->src\main\AndroidManifest.xml:7:9-43
17        android:label="@string/app_name"
17-->src\main\AndroidManifest.xml:8:9-41
18        android:roundIcon="@mipmap/ic_launcher_round"
18-->src\main\AndroidManifest.xml:9:9-54
19        android:supportsRtl="true"
19-->src\main\AndroidManifest.xml:10:9-35
20        android:testOnly="true"
21        android:theme="@style/Theme.StudentLife" >
21-->src\main\AndroidManifest.xml:11:9-49
22        <activity
22-->src\main\AndroidManifest.xml:12:9-14:75
23            android:name="com.groupeleven.studentlife.ui.todolist.Toupdate"
23-->src\main\AndroidManifest.xml:13:13-49
24            android:parentActivityName="com.groupeleven.studentlife.ui.todolist.Toupdate" />
24-->src\main\AndroidManifest.xml:14:13-63
25        <activity
25-->src\main\AndroidManifest.xml:16:9-18:83
26            android:name="com.groupeleven.studentlife.ui.calendar.CalendarToUpdate"
26-->src\main\AndroidManifest.xml:17:13-57
27            android:parentActivityName="com.groupeleven.studentlife.ui.calendar.CalendarToUpdate" />
27-->src\main\AndroidManifest.xml:18:13-71
28        <activity
28-->src\main\AndroidManifest.xml:20:9-22:78
29            android:name="com.groupeleven.studentlife.ui.usefullinks.Tutorial"
29-->src\main\AndroidManifest.xml:21:13-52
30            android:parentActivityName="com.groupeleven.studentlife.ui.usefullinks.Tutorial" />
30-->src\main\AndroidManifest.xml:22:13-66
31        <activity
31-->src\main\AndroidManifest.xml:25:9-33:20
32            android:name="com.groupeleven.studentlife.ui.MainActivity"
32-->src\main\AndroidManifest.xml:26:13-44
33            android:label="@string/app_name"
33-->src\main\AndroidManifest.xml:27:13-45
34            android:screenOrientation="portrait" >
34-->src\main\AndroidManifest.xml:28:13-49
35            <intent-filter>
35-->src\main\AndroidManifest.xml:29:13-32:29
36                <action android:name="android.intent.action.MAIN" />
36-->src\main\AndroidManifest.xml:30:17-69
36-->src\main\AndroidManifest.xml:30:25-66
37
38                <category android:name="android.intent.category.LAUNCHER" />
38-->src\main\AndroidManifest.xml:31:17-77
38-->src\main\AndroidManifest.xml:31:27-74
39            </intent-filter>
40        </activity>
41
42        <uses-library
42-->src\main\AndroidManifest.xml:35:9-36:40
43            android:name="android.test.runner"
43-->src\main\AndroidManifest.xml:35:23-57
44            android:required="false" />
44-->src\main\AndroidManifest.xml:36:13-37
45        <uses-library
45-->src\main\AndroidManifest.xml:37:9-38:40
46            android:name="android.test.base"
46-->src\main\AndroidManifest.xml:37:23-55
47            android:required="false" />
47-->src\main\AndroidManifest.xml:38:13-37
48        <uses-library
48-->src\main\AndroidManifest.xml:39:9-40:40
49            android:name="android.test.mock"
49-->src\main\AndroidManifest.xml:39:23-55
50            android:required="false" />
50-->src\main\AndroidManifest.xml:40:13-37
51
52        <provider
52-->[com.github.prolificinteractive:material-calendarview:2.0.0] AndroidManifest.xml:12:9-16:40
53            android:name="com.prolificinteractive.materialcalendarview.MaterialCalendarViewInitProvider"
53-->[com.github.prolificinteractive:material-calendarview:2.0.0] AndroidManifest.xml:13:13-105
54            android:authorities="com.groupeleven.studentlife.materialcalendarviewinitprovider"
54-->[com.github.prolificinteractive:material-calendarview:2.0.0] AndroidManifest.xml:14:13-84
55            android:enabled="true"
55-->[com.github.prolificinteractive:material-calendarview:2.0.0] AndroidManifest.xml:15:13-35
56            android:exported="false" />
56-->[com.github.prolificinteractive:material-calendarview:2.0.0] AndroidManifest.xml:16:13-37
57    </application>
58
59</manifest>